This is pdfTeX, Version 3.14159265-2.6-1.40.18 (TeX Live 2017/W32TeX) (preloaded format=pdflatex 2018.2.22)  3 MAR 2018 02:03
entering extended mode
 restricted \write18 enabled.
 %&-line parsing enabled.
**./public/images/texFolder/S2018-03-03.tex
(./public/images/texFolder/S2018-03-03.tex
LaTeX2e <2017-04-15>
Babel <3.18> and hyphenation patterns for 84 language(s) loaded.
(c:/texlive/2017/texmf-dist/tex/latex/base/article.cls
Document Class: article 2014/09/29 v1.4h Standard LaTeX document class
(c:/texlive/2017/texmf-dist/tex/latex/base/size10.clo
File: size10.clo 2014/09/29 v1.4h Standard LaTeX file (size option)
)
\c@part=\count79
\c@section=\count80
\c@subsection=\count81
\c@subsubsection=\count82
\c@paragraph=\count83
\c@subparagraph=\count84
\c@figure=\count85
\c@table=\count86
\abovecaptionskip=\skip41
\belowcaptionskip=\skip42
\bibindent=\dimen102
)
(c:/texlive/2017/texmf-dist/tex/latex/wallpaper/wallpaper.sty
Package: wallpaper 2005/01/18, v1.01 easy wallpaper formatting (MHFW)

(c:/texlive/2017/texmf-dist/tex/latex/base/ifthen.sty
Package: ifthen 2014/09/29 v1.1c Standard LaTeX ifthen package (DPC)
)
(c:/texlive/2017/texmf-dist/tex/latex/tools/calc.sty
Package: calc 2014/10/28 v4.3 Infix arithmetic (KKT,FJ)
\calc@Acount=\count87
\calc@Bcount=\count88
\calc@Adimen=\dimen103
\calc@Bdimen=\dimen104
\calc@Askip=\skip43
\calc@Bskip=\skip44
LaTeX Info: Redefining \setlength on input line 80.
LaTeX Info: Redefining \addtolength on input line 81.
\calc@Ccount=\count89
\calc@Cskip=\skip45
)
(c:/texlive/2017/texmf-dist/tex/latex/eso-pic/eso-pic.sty
Package: eso-pic 2015/07/21 v2.0g eso-pic (RN)

(c:/texlive/2017/texmf-dist/tex/generic/oberdiek/atbegshi.sty
Package: atbegshi 2016/06/09 v1.18 At begin shipout hook (HO)

(c:/texlive/2017/texmf-dist/tex/generic/oberdiek/infwarerr.sty
Package: infwarerr 2016/05/16 v1.4 Providing info/warning/error messages (HO)
)
(c:/texlive/2017/texmf-dist/tex/generic/oberdiek/ltxcmds.sty
Package: ltxcmds 2016/05/16 v1.23 LaTeX kernel commands for general use (HO)
)
(c:/texlive/2017/texmf-dist/tex/generic/oberdiek/ifpdf.sty
Package: ifpdf 2017/03/15 v3.2 Provides the ifpdf switch
))
(c:/texlive/2017/texmf-dist/tex/latex/graphics/keyval.sty
Package: keyval 2014/10/28 v1.15 key=value parser (DPC)
\KV@toks@=\toks14
)
(c:/texlive/2017/texmf-dist/tex/latex/xcolor/xcolor.sty
Package: xcolor 2016/05/11 v2.12 LaTeX color extensions (UK)

(c:/texlive/2017/texmf-dist/tex/latex/graphics-cfg/color.cfg
File: color.cfg 2016/01/02 v1.6 sample color configuration
)
Package xcolor Info: Driver file: pdftex.def on input line 225.

(c:/texlive/2017/texmf-dist/tex/latex/graphics-def/pdftex.def
File: pdftex.def 2018/01/08 v1.0l Graphics/color driver for pdftex
)
Package xcolor Info: Model `cmy' substituted by `cmy0' on input line 1348.
Package xcolor Info: Model `hsb' substituted by `rgb' on input line 1352.
Package xcolor Info: Model `RGB' extended on input line 1364.
Package xcolor Info: Model `HTML' substituted by `rgb' on input line 1366.
Package xcolor Info: Model `Hsb' substituted by `hsb' on input line 1367.
Package xcolor Info: Model `tHsb' substituted by `hsb' on input line 1368.
Package xcolor Info: Model `HSB' substituted by `hsb' on input line 1369.
Package xcolor Info: Model `Gray' substituted by `gray' on input line 1370.
Package xcolor Info: Model `wave' substituted by `hsb' on input line 1371.
))
(c:/texlive/2017/texmf-dist/tex/latex/graphics/graphicx.sty
Package: graphicx 2017/06/01 v1.1a Enhanced LaTeX Graphics (DPC,SPQR)

(c:/texlive/2017/texmf-dist/tex/latex/graphics/graphics.sty
Package: graphics 2017/06/25 v1.2c Standard LaTeX Graphics (DPC,SPQR)

(c:/texlive/2017/texmf-dist/tex/latex/graphics/trig.sty
Package: trig 2016/01/03 v1.10 sin cos tan (DPC)
)
(c:/texlive/2017/texmf-dist/tex/latex/graphics-cfg/graphics.cfg
File: graphics.cfg 2016/06/04 v1.11 sample graphics configuration
)
Package graphics Info: Driver file: pdftex.def on input line 99.
)
\Gin@req@height=\dimen105
\Gin@req@width=\dimen106
)
\wpXoffset=\skip46
\wpYoffset=\skip47
\tileXoffset=\skip48
\tileYoffset=\skip49
\tilewidth=\skip50
\tileheight=\skip51
\tileX=\skip52
\tileY=\skip53
)
(c:/texlive/2017/texmf-dist/tex/latex/niceframe/niceframe.sty
Package: niceframe 2009/31/08 v1.1c niceframe package (MO)

Package: niceframe v1.1c <2009/31/08> (Marcus Ohlhaut)
\nicefr@mechar=\skip54
\nicefr@mewidth=\skip55
\nicefr@meheight=\skip56
\@ldhsize=\skip57
\c@times=\count90
\fr@mecharTT=\skip58
\fr@mecharLL=\skip59
\fr@mewidth=\skip60
\fr@meheight=\skip61
) (c:/texlive/2017/texmf-dist/tex/latex/geometry/geometry.sty
Package: geometry 2010/09/12 v5.6 Page Geometry

(c:/texlive/2017/texmf-dist/tex/generic/oberdiek/ifvtex.sty
Package: ifvtex 2016/05/16 v1.6 Detect VTeX and its facilities (HO)
Package ifvtex Info: VTeX not detected.
)
(c:/texlive/2017/texmf-dist/tex/generic/ifxetex/ifxetex.sty
Package: ifxetex 2010/09/12 v0.6 Provides ifxetex conditional
)
\Gm@cnth=\count91
\Gm@cntv=\count92
\c@Gm@tempcnt=\count93
\Gm@bindingoffset=\dimen107
\Gm@wd@mp=\dimen108
\Gm@odd@mp=\dimen109
\Gm@even@mp=\dimen110
\Gm@layoutwidth=\dimen111
\Gm@layoutheight=\dimen112
\Gm@layouthoffset=\dimen113
\Gm@layoutvoffset=\dimen114
\Gm@dimlist=\toks15
)
(c:/texlive/2017/texmf-dist/tex/latex/tools/multicol.sty
Package: multicol 2017/04/11 v1.8q multicolumn formatting (FMi)
\c@tracingmulticols=\count94
\mult@box=\box26
\multicol@leftmargin=\dimen115
\c@unbalance=\count95
\c@collectmore=\count96
\doublecol@number=\count97
\multicoltolerance=\count98
\multicolpretolerance=\count99
\full@width=\dimen116
\page@free=\dimen117
\premulticols=\dimen118
\postmulticols=\dimen119
\multicolsep=\skip62
\multicolbaselineskip=\skip63
\partial@page=\box27
\last@line=\box28
\maxbalancingoverflow=\dimen120
\mult@rightbox=\box29
\mult@grightbox=\box30
\mult@gfirstbox=\box31
\mult@firstbox=\box32
\@tempa=\box33
\@tempa=\box34
\@tempa=\box35
\@tempa=\box36
\@tempa=\box37
\@tempa=\box38
\@tempa=\box39
\@tempa=\box40
\@tempa=\box41
\@tempa=\box42
\@tempa=\box43
\@tempa=\box44
\@tempa=\box45
\@tempa=\box46
\@tempa=\box47
\@tempa=\box48
\@tempa=\box49
\c@columnbadness=\count100
\c@finalcolumnbadness=\count101
\last@try=\dimen121
\multicolovershoot=\dimen122
\multicolundershoot=\dimen123
\mult@nat@firstbox=\box50
\colbreak@box=\box51
\mc@col@check@num=\count102
)
(./public/images/texFolder/S2018-03-03.aux)
\openout1 = `S2018-03-03.aux'.

LaTeX Font Info:    Checking defaults for OML/cmm/m/it on input line 10.
LaTeX Font Info:    ... okay on input line 10.
LaTeX Font Info:    Checking defaults for T1/cmr/m/n on input line 10.
LaTeX Font Info:    ... okay on input line 10.
LaTeX Font Info:    Checking defaults for OT1/cmr/m/n on input line 10.
LaTeX Font Info:    ... okay on input line 10.
LaTeX Font Info:    Checking defaults for OMS/cmsy/m/n on input line 10.
LaTeX Font Info:    ... okay on input line 10.
LaTeX Font Info:    Checking defaults for OMX/cmex/m/n on input line 10.
LaTeX Font Info:    ... okay on input line 10.
LaTeX Font Info:    Checking defaults for U/cmr/m/n on input line 10.
LaTeX Font Info:    ... okay on input line 10.
\AtBeginShipoutBox=\box52

(c:/texlive/2017/texmf-dist/tex/context/base/mkii/supp-pdf.mkii
[Loading MPS to PDF converter (version 2006.09.02).]
\scratchcounter=\count103
\scratchdimen=\dimen124
\scratchbox=\box53
\nofMPsegments=\count104
\nofMParguments=\count105
\everyMPshowfont=\toks16
\MPscratchCnt=\count106
\MPscratchDim=\dimen125
\MPnumerator=\count107
\makeMPintoPDFobject=\count108
\everyMPtoPDFconversion=\toks17
) (c:/texlive/2017/texmf-dist/tex/latex/oberdiek/epstopdf-base.sty
Package: epstopdf-base 2016/05/15 v2.6 Base part for package epstopdf

(c:/texlive/2017/texmf-dist/tex/latex/oberdiek/grfext.sty
Package: grfext 2016/05/16 v1.2 Manage graphics extensions (HO)

(c:/texlive/2017/texmf-dist/tex/generic/oberdiek/kvdefinekeys.sty
Package: kvdefinekeys 2016/05/16 v1.4 Define keys (HO)
))
(c:/texlive/2017/texmf-dist/tex/latex/oberdiek/kvoptions.sty
Package: kvoptions 2016/05/16 v3.12 Key value format for package options (HO)

(c:/texlive/2017/texmf-dist/tex/generic/oberdiek/kvsetkeys.sty
Package: kvsetkeys 2016/05/16 v1.17 Key value parser (HO)

(c:/texlive/2017/texmf-dist/tex/generic/oberdiek/etexcmds.sty
Package: etexcmds 2016/05/16 v1.6 Avoid name clashes with e-TeX commands (HO)

(c:/texlive/2017/texmf-dist/tex/generic/oberdiek/ifluatex.sty
Package: ifluatex 2016/05/16 v1.4 Provides the ifluatex switch (HO)
Package ifluatex Info: LuaTeX not detected.
)
Package etexcmds Info: Could not find \expanded.
(etexcmds)             That can mean that you are not using pdfTeX 1.50 or
(etexcmds)             that some package has redefined \expanded.
(etexcmds)             In the latter case, load this package earlier.
)))
(c:/texlive/2017/texmf-dist/tex/generic/oberdiek/pdftexcmds.sty
Package: pdftexcmds 2018/01/21 v0.26 Utility functions of pdfTeX for LuaTeX (HO
)
Package pdftexcmds Info: LuaTeX not detected.
Package pdftexcmds Info: \pdf@primitive is available.
Package pdftexcmds Info: \pdf@ifprimitive is available.
Package pdftexcmds Info: \pdfdraftmode found.
)
Package epstopdf-base Info: Redefining graphics rule for `.eps' on input line 4
38.
Package grfext Info: Graphics extension search list:
(grfext)             [.pdf,.png,.jpg,.mps,.jpeg,.jbig2,.jb2,.PDF,.PNG,.JPG,.JPE
G,.JBIG2,.JB2,.eps]
(grfext)             \AppendGraphicsExtensions on input line 456.

(c:/texlive/2017/texmf-dist/tex/latex/latexconfig/epstopdf-sys.cfg
File: epstopdf-sys.cfg 2010/07/13 v1.3 Configuration of (r)epstopdf for TeX Liv
e
))
*geometry* driver: auto-detecting
*geometry* detected driver: pdftex
*geometry* verbose mode - [ preamble ] result:
* driver: pdftex
* paper: <default>
* layout: <same size as paper>
* layoutoffset:(h,v)=(0.0pt,0.0pt)
* modes: landscape 
* h-part:(L,W,R)=(14.22636pt, 766.51726pt, 14.22636pt)
* v-part:(T,H,B)=(56.9055pt, 543.16313pt, 14.22636pt)
* \paperwidth=794.96999pt
* \paperheight=614.295pt
* \textwidth=766.51726pt
* \textheight=543.16313pt
* \oddsidemargin=-58.04362pt
* \evensidemargin=-58.04362pt
* \topmargin=-52.36449pt
* \headheight=12.0pt
* \headsep=25.0pt
* \topskip=10.0pt
* \footskip=30.0pt
* \marginparwidth=144.0pt
* \marginparsep=11.0pt
* \columnsep=1.42262pt
* \skip\footins=9.0pt plus 4.0pt minus 2.0pt
* \hoffset=0.0pt
* \voffset=0.0pt
* \mag=1000
* \@twocolumnfalse
* \@twosidefalse
* \@mparswitchfalse
* \@reversemarginfalse
* (1in=72.27pt=25.4mm, 1cm=28.453pt)

<_employee-of-the-year.png, id=1, 1003.75pt x 270.00874pt>
File: _employee-of-the-year.png Graphic file (type png)
<use _employee-of-the-year.png>
Package pdftex.def Info: _employee-of-the-year.png  used on input line 63.
(pdftex.def)             Requested size: 211.5442pt x 56.9055pt.
LaTeX Font Info:    External font `cmex10' loaded for size
(Font)              <7> on input line 63.
LaTeX Font Info:    External font `cmex10' loaded for size
(Font)              <5> on input line 63.
<ciLogo.jpg, id=3, 1003.75pt x 1003.75pt>
File: ciLogo.jpg Graphic file (type jpg)
<use ciLogo.jpg>
Package pdftex.def Info: ciLogo.jpg  used on input line 63.
(pdftex.def)             Requested size: 31.29053pt x 31.2982pt.
<_Karuppiah.png, id=4, 200.75pt x 38.1425pt>
File: _Karuppiah.png Graphic file (type png)
<use _Karuppiah.png>
Package pdftex.def Info: _Karuppiah.png  used on input line 63.
(pdftex.def)             Requested size: 74.87671pt x 14.22636pt.

Overfull \hbox (2.33899pt too wide) in paragraph at lines 63--64
 [][] 
 []

<angles.jpg, id=5, 722.7pt x 480.79625pt>
File: angles.jpg Graphic file (type jpg)
<use angles.jpg>
Package pdftex.def Info: angles.jpg  used on input line 64.
(pdftex.def)             Requested size: 113.80379pt x 56.90073pt.
File: angles.jpg Graphic file (type jpg)
<use angles.jpg>
Package pdftex.def Info: angles.jpg  used on input line 64.
(pdftex.def)             Requested size: 113.80379pt x 56.90073pt.
File: angles.jpg Graphic file (type jpg)
<use angles.jpg>
Package pdftex.def Info: angles.jpg  used on input line 64.
(pdftex.def)             Requested size: 113.80379pt x 56.90073pt.
File: angles.jpg Graphic file (type jpg)
<use angles.jpg>
Package pdftex.def Info: angles.jpg  used on input line 64.
(pdftex.def)             Requested size: 113.80379pt x 56.90073pt.
File: angles.jpg Graphic file (type jpg)
<use angles.jpg>
Package pdftex.def Info: angles.jpg  used on input line 64.
(pdftex.def)             Requested size: 113.80379pt x 56.90073pt.
File: angles.jpg Graphic file (type jpg)
<use angles.jpg>
Package pdftex.def Info: angles.jpg  used on input line 64.
(pdftex.def)             Requested size: 113.80379pt x 56.90073pt.
File: angles.jpg Graphic file (type jpg)
<use angles.jpg>
Package pdftex.def Info: angles.jpg  used on input line 64.
(pdftex.def)             Requested size: 113.80379pt x 56.90073pt.
File: angles.jpg Graphic file (type jpg)
<use angles.jpg>
Package pdftex.def Info: angles.jpg  used on input line 64.
(pdftex.def)             Requested size: 113.80379pt x 56.90073pt.
File: angles.jpg Graphic file (type jpg)
<use angles.jpg>
Package pdftex.def Info: angles.jpg  used on input line 64.
(pdftex.def)             Requested size: 113.80379pt x 56.90073pt.
File: angles.jpg Graphic file (type jpg)
<use angles.jpg>
Package pdftex.def Info: angles.jpg  used on input line 64.
(pdftex.def)             Requested size: 113.80379pt x 56.90073pt.
File: angles.jpg Graphic file (type jpg)
<use angles.jpg>
Package pdftex.def Info: angles.jpg  used on input line 64.
(pdftex.def)             Requested size: 113.80379pt x 56.90073pt.
File: angles.jpg Graphic file (type jpg)
<use angles.jpg>
Package pdftex.def Info: angles.jpg  used on input line 64.
(pdftex.def)             Requested size: 113.80379pt x 56.90073pt.
File: angles.jpg Graphic file (type jpg)
<use angles.jpg>
Package pdftex.def Info: angles.jpg  used on input line 64.
(pdftex.def)             Requested size: 113.80379pt x 56.90073pt.
File: angles.jpg Graphic file (type jpg)
<use angles.jpg>
Package pdftex.def Info: angles.jpg  used on input line 64.
(pdftex.def)             Requested size: 113.80379pt x 56.90073pt.
File: angles.jpg Graphic file (type jpg)
<use angles.jpg>
Package pdftex.def Info: angles.jpg  used on input line 64.
(pdftex.def)             Requested size: 113.80379pt x 56.90073pt.
File: angles.jpg Graphic file (type jpg)
<use angles.jpg>
Package pdftex.def Info: angles.jpg  used on input line 64.
(pdftex.def)             Requested size: 113.80379pt x 56.90073pt.
File: angles.jpg Graphic file (type jpg)
<use angles.jpg>
Package pdftex.def Info: angles.jpg  used on input line 64.
(pdftex.def)             Requested size: 113.80379pt x 56.90073pt.
File: angles.jpg Graphic file (type jpg)
<use angles.jpg>
Package pdftex.def Info: angles.jpg  used on input line 64.
(pdftex.def)             Requested size: 113.80379pt x 56.90073pt.
File: angles.jpg Graphic file (type jpg)
<use angles.jpg>
Package pdftex.def Info: angles.jpg  used on input line 64.
(pdftex.def)             Requested size: 113.80379pt x 56.90073pt.
File: angles.jpg Graphic file (type jpg)
<use angles.jpg>
Package pdftex.def Info: angles.jpg  used on input line 64.
(pdftex.def)             Requested size: 113.80379pt x 56.90073pt.
File: angles.jpg Graphic file (type jpg)
<use angles.jpg>
Package pdftex.def Info: angles.jpg  used on input line 64.
(pdftex.def)             Requested size: 113.80379pt x 56.90073pt.
File: angles.jpg Graphic file (type jpg)
<use angles.jpg>
Package pdftex.def Info: angles.jpg  used on input line 64.
(pdftex.def)             Requested size: 113.80379pt x 56.90073pt.
File: angles.jpg Graphic file (type jpg)
<use angles.jpg>
Package pdftex.def Info: angles.jpg  used on input line 64.
(pdftex.def)             Requested size: 113.80379pt x 56.90073pt.
File: angles.jpg Graphic file (type jpg)
<use angles.jpg>
Package pdftex.def Info: angles.jpg  used on input line 64.
(pdftex.def)             Requested size: 113.80379pt x 56.90073pt.
File: angles.jpg Graphic file (type jpg)
<use angles.jpg>
Package pdftex.def Info: angles.jpg  used on input line 64.
(pdftex.def)             Requested size: 113.80379pt x 56.90073pt.
File: angles.jpg Graphic file (type jpg)
<use angles.jpg>
Package pdftex.def Info: angles.jpg  used on input line 64.
(pdftex.def)             Requested size: 113.80379pt x 56.90073pt.
File: angles.jpg Graphic file (type jpg)
<use angles.jpg>
Package pdftex.def Info: angles.jpg  used on input line 64.
(pdftex.def)             Requested size: 113.80379pt x 56.90073pt.
File: angles.jpg Graphic file (type jpg)
<use angles.jpg>
Package pdftex.def Info: angles.jpg  used on input line 64.
(pdftex.def)             Requested size: 113.80379pt x 56.90073pt.
File: angles.jpg Graphic file (type jpg)
<use angles.jpg>
Package pdftex.def Info: angles.jpg  used on input line 64.
(pdftex.def)             Requested size: 113.80379pt x 56.90073pt.
File: angles.jpg Graphic file (type jpg)
<use angles.jpg>
Package pdftex.def Info: angles.jpg  used on input line 64.
(pdftex.def)             Requested size: 113.80379pt x 56.90073pt.
File: angles.jpg Graphic file (type jpg)
<use angles.jpg>
Package pdftex.def Info: angles.jpg  used on input line 64.
(pdftex.def)             Requested size: 113.80379pt x 56.90073pt.
File: angles.jpg Graphic file (type jpg)
<use angles.jpg>
Package pdftex.def Info: angles.jpg  used on input line 64.
(pdftex.def)             Requested size: 113.80379pt x 56.90073pt.
File: angles.jpg Graphic file (type jpg)
<use angles.jpg>
Package pdftex.def Info: angles.jpg  used on input line 64.
(pdftex.def)             Requested size: 113.80379pt x 56.90073pt.
File: angles.jpg Graphic file (type jpg)
<use angles.jpg>
Package pdftex.def Info: angles.jpg  used on input line 64.
(pdftex.def)             Requested size: 113.80379pt x 56.90073pt.
File: angles.jpg Graphic file (type jpg)
<use angles.jpg>
Package pdftex.def Info: angles.jpg  used on input line 64.
(pdftex.def)             Requested size: 113.80379pt x 56.90073pt.
File: angles.jpg Graphic file (type jpg)
<use angles.jpg>
Package pdftex.def Info: angles.jpg  used on input line 64.
(pdftex.def)             Requested size: 113.80379pt x 56.90073pt.
File: angles.jpg Graphic file (type jpg)
<use angles.jpg>
Package pdftex.def Info: angles.jpg  used on input line 64.
(pdftex.def)             Requested size: 113.80379pt x 56.90073pt.
File: angles.jpg Graphic file (type jpg)
<use angles.jpg>
Package pdftex.def Info: angles.jpg  used on input line 64.
(pdftex.def)             Requested size: 113.80379pt x 56.90073pt.
File: angles.jpg Graphic file (type jpg)
<use angles.jpg>
Package pdftex.def Info: angles.jpg  used on input line 64.
(pdftex.def)             Requested size: 113.80379pt x 56.90073pt.
File: angles.jpg Graphic file (type jpg)
<use angles.jpg>
Package pdftex.def Info: angles.jpg  used on input line 64.
(pdftex.def)             Requested size: 113.80379pt x 56.90073pt.
File: angles.jpg Graphic file (type jpg)
<use angles.jpg>
Package pdftex.def Info: angles.jpg  used on input line 64.
(pdftex.def)             Requested size: 113.80379pt x 56.90073pt.
File: angles.jpg Graphic file (type jpg)
<use angles.jpg>
Package pdftex.def Info: angles.jpg  used on input line 64.
(pdftex.def)             Requested size: 113.80379pt x 56.90073pt.
File: angles.jpg Graphic file (type jpg)
<use angles.jpg>
Package pdftex.def Info: angles.jpg  used on input line 64.
(pdftex.def)             Requested size: 113.80379pt x 56.90073pt.
File: angles.jpg Graphic file (type jpg)
<use angles.jpg>
Package pdftex.def Info: angles.jpg  used on input line 64.
(pdftex.def)             Requested size: 113.80379pt x 56.90073pt.
File: angles.jpg Graphic file (type jpg)
<use angles.jpg>
Package pdftex.def Info: angles.jpg  used on input line 64.
(pdftex.def)             Requested size: 113.80379pt x 56.90073pt.
File: angles.jpg Graphic file (type jpg)
<use angles.jpg>
Package pdftex.def Info: angles.jpg  used on input line 64.
(pdftex.def)             Requested size: 113.80379pt x 56.90073pt.
File: angles.jpg Graphic file (type jpg)
<use angles.jpg>
Package pdftex.def Info: angles.jpg  used on input line 64.
(pdftex.def)             Requested size: 113.80379pt x 56.90073pt.
File: angles.jpg Graphic file (type jpg)
<use angles.jpg>
Package pdftex.def Info: angles.jpg  used on input line 64.
(pdftex.def)             Requested size: 113.80379pt x 56.90073pt.
File: angles.jpg Graphic file (type jpg)
<use angles.jpg>
Package pdftex.def Info: angles.jpg  used on input line 64.
(pdftex.def)             Requested size: 113.80379pt x 56.90073pt.
File: angles.jpg Graphic file (type jpg)
<use angles.jpg>
Package pdftex.def Info: angles.jpg  used on input line 64.
(pdftex.def)             Requested size: 113.80379pt x 56.90073pt.
File: angles.jpg Graphic file (type jpg)
<use angles.jpg>
Package pdftex.def Info: angles.jpg  used on input line 64.
(pdftex.def)             Requested size: 113.80379pt x 56.90073pt.
File: angles.jpg Graphic file (type jpg)
<use angles.jpg>
Package pdftex.def Info: angles.jpg  used on input line 64.
(pdftex.def)             Requested size: 113.80379pt x 56.90073pt.
File: angles.jpg Graphic file (type jpg)
<use angles.jpg>
Package pdftex.def Info: angles.jpg  used on input line 64.
(pdftex.def)             Requested size: 113.80379pt x 56.90073pt.
File: angles.jpg Graphic file (type jpg)
<use angles.jpg>
Package pdftex.def Info: angles.jpg  used on input line 64.
(pdftex.def)             Requested size: 113.80379pt x 56.90073pt.
File: angles.jpg Graphic file (type jpg)
<use angles.jpg>
Package pdftex.def Info: angles.jpg  used on input line 64.
(pdftex.def)             Requested size: 113.80379pt x 56.90073pt.
File: angles.jpg Graphic file (type jpg)
<use angles.jpg>
Package pdftex.def Info: angles.jpg  used on input line 64.
(pdftex.def)             Requested size: 113.80379pt x 56.90073pt.
File: angles.jpg Graphic file (type jpg)
<use angles.jpg>
Package pdftex.def Info: angles.jpg  used on input line 64.
(pdftex.def)             Requested size: 113.80379pt x 56.90073pt.
File: angles.jpg Graphic file (type jpg)
<use angles.jpg>
Package pdftex.def Info: angles.jpg  used on input line 64.
(pdftex.def)             Requested size: 113.80379pt x 56.90073pt.
File: angles.jpg Graphic file (type jpg)
<use angles.jpg>
Package pdftex.def Info: angles.jpg  used on input line 64.
(pdftex.def)             Requested size: 113.80379pt x 56.90073pt.
File: angles.jpg Graphic file (type jpg)
<use angles.jpg>
Package pdftex.def Info: angles.jpg  used on input line 64.
(pdftex.def)             Requested size: 113.80379pt x 56.90073pt.
File: angles.jpg Graphic file (type jpg)
<use angles.jpg>
Package pdftex.def Info: angles.jpg  used on input line 64.
(pdftex.def)             Requested size: 113.80379pt x 56.90073pt.
File: angles.jpg Graphic file (type jpg)
<use angles.jpg>
Package pdftex.def Info: angles.jpg  used on input line 64.
(pdftex.def)             Requested size: 113.80379pt x 56.90073pt.
File: angles.jpg Graphic file (type jpg)
<use angles.jpg>
Package pdftex.def Info: angles.jpg  used on input line 64.
(pdftex.def)             Requested size: 113.80379pt x 56.90073pt.
File: angles.jpg Graphic file (type jpg)
<use angles.jpg>
Package pdftex.def Info: angles.jpg  used on input line 64.
(pdftex.def)             Requested size: 113.80379pt x 56.90073pt.
File: angles.jpg Graphic file (type jpg)
<use angles.jpg>
Package pdftex.def Info: angles.jpg  used on input line 64.
(pdftex.def)             Requested size: 113.80379pt x 56.90073pt.
File: angles.jpg Graphic file (type jpg)
<use angles.jpg>
Package pdftex.def Info: angles.jpg  used on input line 64.
(pdftex.def)             Requested size: 113.80379pt x 56.90073pt.
File: angles.jpg Graphic file (type jpg)
<use angles.jpg>
Package pdftex.def Info: angles.jpg  used on input line 64.
(pdftex.def)             Requested size: 113.80379pt x 56.90073pt.
File: angles.jpg Graphic file (type jpg)
<use angles.jpg>
Package pdftex.def Info: angles.jpg  used on input line 64.
(pdftex.def)             Requested size: 113.80379pt x 56.90073pt.
File: angles.jpg Graphic file (type jpg)
<use angles.jpg>
Package pdftex.def Info: angles.jpg  used on input line 64.
(pdftex.def)             Requested size: 113.80379pt x 56.90073pt.
File: angles.jpg Graphic file (type jpg)
<use angles.jpg>
Package pdftex.def Info: angles.jpg  used on input line 64.
(pdftex.def)             Requested size: 113.80379pt x 56.90073pt.
File: angles.jpg Graphic file (type jpg)
<use angles.jpg>
Package pdftex.def Info: angles.jpg  used on input line 64.
(pdftex.def)             Requested size: 113.80379pt x 56.90073pt.
File: angles.jpg Graphic file (type jpg)
<use angles.jpg>
Package pdftex.def Info: angles.jpg  used on input line 64.
(pdftex.def)             Requested size: 113.80379pt x 56.90073pt.
File: angles.jpg Graphic file (type jpg)
<use angles.jpg>
Package pdftex.def Info: angles.jpg  used on input line 64.
(pdftex.def)             Requested size: 113.80379pt x 56.90073pt.
File: angles.jpg Graphic file (type jpg)
<use angles.jpg>
Package pdftex.def Info: angles.jpg  used on input line 64.
(pdftex.def)             Requested size: 113.80379pt x 56.90073pt.
File: angles.jpg Graphic file (type jpg)
<use angles.jpg>
Package pdftex.def Info: angles.jpg  used on input line 64.
(pdftex.def)             Requested size: 113.80379pt x 56.90073pt.
File: angles.jpg Graphic file (type jpg)
<use angles.jpg>
Package pdftex.def Info: angles.jpg  used on input line 64.
(pdftex.def)             Requested size: 113.80379pt x 56.90073pt.
File: angles.jpg Graphic file (type jpg)
<use angles.jpg>
Package pdftex.def Info: angles.jpg  used on input line 64.
(pdftex.def)             Requested size: 113.80379pt x 56.90073pt.
[1

{c:/texlive/2017/texmf-var/fonts/map/pdftex/updmap/pdftex.map} <./public/images
/texFolder/angles.jpg> <./public/images/texFolder/_employee-of-the-year.png> <.
/public/images/texFolder/ciLogo.jpg> <./public/images/texFolder/_Karuppiah.png>
] (./public/images/texFolder/S2018-03-03.aux) ) 
Here is how much of TeX's memory you used:
 2868 strings out of 492982
 40595 string characters out of 6136225
 128397 words of memory out of 5000000
 6403 multiletter control sequences out of 15000+600000
 4347 words of font info for 17 fonts, out of 8000000 for 9000
 1141 hyphenation exceptions out of 8191
 41i,11n,39p,304b,335s stack positions out of 5000i,500n,10000p,200000b,80000s
<c:/texlive/2017/texmf-dist/font
s/type1/public/amsfonts/cm/cmr10.pfb><c:/texlive/2017/texmf-dist/fonts/type1/pu
blic/amsfonts/cm/cmr12.pfb><c:/texlive/2017/texmf-dist/fonts/type1/public/amsfo
nts/cm/cmr5.pfb><c:/texlive/2017/texmf-dist/fonts/type1/public/amsfonts/cm/cmti
10.pfb>
Output written on ./public/images/texFolder/S2018-03-03.pdf (1 page, 249468 byt
es).
PDF statistics:
 31 PDF objects out of 1000 (max. 8388607)
 17 compressed objects within 1 object stream
 0 named destinations out of 1000 (max. 500000)
 21 words of extra memory for PDF output out of 10000 (max. 10000000)

